{
  "stats": {
    "suites": 1,
    "tests": 5,
    "passes": 5,
    "pending": 0,
    "failures": 0,
    "start": "2017-05-05T14:32:55.075Z",
    "end": "2017-05-05T14:32:55.667Z",
    "duration": 592,
    "testsRegistered": 5,
    "passPercent": 100,
    "pendingPercent": 0,
    "other": 0,
    "hasOther": false,
    "skipped": 0,
    "hasSkipped": false,
    "passPercentClass": "success",
    "pendingPercentClass": "danger"
  },
  "suites": {
    "title": "",
    "suites": [
      {
        "title": "users API unit tests",
        "suites": [],
        "tests": [
          {
            "title": "should return collection of JSON documents",
            "fullTitle": "users API unit tests should return collection of JSON documents",
            "timedOut": false,
            "duration": 448,
            "state": "passed",
            "speed": "slow",
            "pass": true,
            "fail": false,
            "pending": false,
            "code": "// calling home page api\n    (0, _supertest2.default)(_server.server).get(\"/api/users\").expect(\"Content-type\", /json/).expect(200) // THis is HTTP response\n    .end(function (err, res) {\n      // HTTP status should be 200\n      res.status.should.equal(200);\n      done();\n    });",
            "err": {},
            "isRoot": false,
            "uuid": "e206da1d-b1af-4a62-9907-f983c7cb2096",
            "parentUUID": "08c1ce13-d73f-4dc1-91d7-5dc1c44d260b",
            "skipped": false
          },
          {
            "title": "should add a user",
            "fullTitle": "users API unit tests should add a user",
            "timedOut": false,
            "duration": 37,
            "state": "passed",
            "speed": "fast",
            "pass": true,
            "fail": false,
            "pending": false,
            "code": "// post to /api/users\n    // calling home page api\n    (0, _supertest2.default)(_server.server).post('/api/users').send({ name: \"Linda Flinn\", address: \"3 Main St\" }).expect(\"Content-type\", /json/).expect(201).end(function (err, res) {\n      res.status.should.equal(201);\n      res.body.user.should.have.property('_id');\n      res.body.user.name.should.equal('Linda Flinn');\n      done();\n    });",
            "err": {},
            "isRoot": false,
            "uuid": "cf734901-cfe0-46ee-8c7b-14173ed24794",
            "parentUUID": "08c1ce13-d73f-4dc1-91d7-5dc1c44d260b",
            "skipped": false
          },
          {
            "title": "should add and delete Linda Flinn",
            "fullTitle": "users API unit tests should add and delete Linda Flinn",
            "timedOut": false,
            "duration": 29,
            "state": "passed",
            "speed": "fast",
            "pass": true,
            "fail": false,
            "pending": false,
            "code": "// post to /api/users\n// calling home page api\nvar superserver = (0, _supertest2.default)(_server.server);\nsuperserver.get(\"/api/users\").expect(\"Content-type\", /json/).expect(200) // THis is HTTP response\n.end(function (err, res) {\n  var id = res.body[0]._id;\n  superserver.put(\"/api/users/\" + id).send({ name: \"Linda Fl\", address: \"456 Strand St\" }).expect(\"Content-type\", /json/).expect(200) // THis is HTTP response\n  .end(function (err, res) {\n    superserver.delete(\"/api/users/\" + id).expect(\"Content-type\", /json/).expect(200) // THis is HTTP response\n    .end(function (err, res) {\n      res.body._id.should.equal(id);\n      res.body.name.should.equal(\"Linda Fl\");\n      done();\n    });\n  });\n});",
            "err": {},
            "isRoot": false,
            "uuid": "05452530-6873-406c-b02a-b6672fceaf71",
            "parentUUID": "08c1ce13-d73f-4dc1-91d7-5dc1c44d260b",
            "skipped": false
          },
          {
            "title": "should delete user",
            "fullTitle": "users API unit tests should delete user",
            "timedOut": false,
            "duration": 8,
            "state": "passed",
            "speed": "fast",
            "pass": true,
            "fail": false,
            "pending": false,
            "code": "// post to /api/users\n// calling home page api\nvar superserver = (0, _supertest2.default)(_server.server);\nsuperserver.get(\"/api/users\").expect(\"Content-type\", /json/).expect(200) // THis is HTTP response\n.end(function (err, res) {\n  var id = res.body[0]._id;\n  superserver.delete(\"/api/users/\" + id).expect(\"Content-type\", /json/).expect(200) // THis is HTTP response\n  .end(function (err, res) {\n    res.body._id.should.equal(id);\n    res.body.should.have.property(\"name\");\n    done();\n  });\n});",
            "err": {},
            "isRoot": false,
            "uuid": "7c4b343b-8080-4ce5-841d-90ff5bc47528",
            "parentUUID": "08c1ce13-d73f-4dc1-91d7-5dc1c44d260b",
            "skipped": false
          },
          {
            "title": "should get user's profile",
            "fullTitle": "users API unit tests should get user's profile",
            "timedOut": false,
            "duration": 6,
            "state": "passed",
            "speed": "fast",
            "pass": true,
            "fail": false,
            "pending": false,
            "code": "// post to /api/users\n// calling home page api\nvar superserver = (0, _supertest2.default)(_server.server);\nsuperserver.get(\"/api/users/\").expect(\"Content-type\", /json/).expect(200) // THis is HTTP response\n.end(function (err, res) {\n  var id = res.body[0]._id;\n  superserver.get(\"/api/users/profile/\" + id).expect(\"Content-type\", /json/).expect(200) // THis is HTTP response\n  .end(function (err, res) {\n    res.body._id.should.equal(id);\n    done();\n  });\n});",
            "err": {},
            "isRoot": false,
            "uuid": "d23ef1a4-fa2a-4cc0-9963-b18ab28e0c72",
            "parentUUID": "08c1ce13-d73f-4dc1-91d7-5dc1c44d260b",
            "skipped": false
          }
        ],
        "pending": [],
        "root": false,
        "_timeout": 120000,
        "file": "/test/testApi.js",
        "uuid": "08c1ce13-d73f-4dc1-91d7-5dc1c44d260b",
        "fullFile": "/home/kmatuleviciute/reactapp_restapi/test/testApi.js",
        "passes": [
          {
            "title": "should return collection of JSON documents",
            "fullTitle": "users API unit tests should return collection of JSON documents",
            "timedOut": false,
            "duration": 448,
            "state": "passed",
            "speed": "slow",
            "pass": true,
            "fail": false,
            "pending": false,
            "code": "// calling home page api\n    (0, _supertest2.default)(_server.server).get(\"/api/users\").expect(\"Content-type\", /json/).expect(200) // THis is HTTP response\n    .end(function (err, res) {\n      // HTTP status should be 200\n      res.status.should.equal(200);\n      done();\n    });",
            "err": {},
            "isRoot": false,
            "uuid": "e206da1d-b1af-4a62-9907-f983c7cb2096",
            "parentUUID": "08c1ce13-d73f-4dc1-91d7-5dc1c44d260b",
            "skipped": false
          },
          {
            "title": "should add a user",
            "fullTitle": "users API unit tests should add a user",
            "timedOut": false,
            "duration": 37,
            "state": "passed",
            "speed": "fast",
            "pass": true,
            "fail": false,
            "pending": false,
            "code": "// post to /api/users\n    // calling home page api\n    (0, _supertest2.default)(_server.server).post('/api/users').send({ name: \"Linda Flinn\", address: \"3 Main St\" }).expect(\"Content-type\", /json/).expect(201).end(function (err, res) {\n      res.status.should.equal(201);\n      res.body.user.should.have.property('_id');\n      res.body.user.name.should.equal('Linda Flinn');\n      done();\n    });",
            "err": {},
            "isRoot": false,
            "uuid": "cf734901-cfe0-46ee-8c7b-14173ed24794",
            "parentUUID": "08c1ce13-d73f-4dc1-91d7-5dc1c44d260b",
            "skipped": false
          },
          {
            "title": "should add and delete Linda Flinn",
            "fullTitle": "users API unit tests should add and delete Linda Flinn",
            "timedOut": false,
            "duration": 29,
            "state": "passed",
            "speed": "fast",
            "pass": true,
            "fail": false,
            "pending": false,
            "code": "// post to /api/users\n// calling home page api\nvar superserver = (0, _supertest2.default)(_server.server);\nsuperserver.get(\"/api/users\").expect(\"Content-type\", /json/).expect(200) // THis is HTTP response\n.end(function (err, res) {\n  var id = res.body[0]._id;\n  superserver.put(\"/api/users/\" + id).send({ name: \"Linda Fl\", address: \"456 Strand St\" }).expect(\"Content-type\", /json/).expect(200) // THis is HTTP response\n  .end(function (err, res) {\n    superserver.delete(\"/api/users/\" + id).expect(\"Content-type\", /json/).expect(200) // THis is HTTP response\n    .end(function (err, res) {\n      res.body._id.should.equal(id);\n      res.body.name.should.equal(\"Linda Fl\");\n      done();\n    });\n  });\n});",
            "err": {},
            "isRoot": false,
            "uuid": "05452530-6873-406c-b02a-b6672fceaf71",
            "parentUUID": "08c1ce13-d73f-4dc1-91d7-5dc1c44d260b",
            "skipped": false
          },
          {
            "title": "should delete user",
            "fullTitle": "users API unit tests should delete user",
            "timedOut": false,
            "duration": 8,
            "state": "passed",
            "speed": "fast",
            "pass": true,
            "fail": false,
            "pending": false,
            "code": "// post to /api/users\n// calling home page api\nvar superserver = (0, _supertest2.default)(_server.server);\nsuperserver.get(\"/api/users\").expect(\"Content-type\", /json/).expect(200) // THis is HTTP response\n.end(function (err, res) {\n  var id = res.body[0]._id;\n  superserver.delete(\"/api/users/\" + id).expect(\"Content-type\", /json/).expect(200) // THis is HTTP response\n  .end(function (err, res) {\n    res.body._id.should.equal(id);\n    res.body.should.have.property(\"name\");\n    done();\n  });\n});",
            "err": {},
            "isRoot": false,
            "uuid": "7c4b343b-8080-4ce5-841d-90ff5bc47528",
            "parentUUID": "08c1ce13-d73f-4dc1-91d7-5dc1c44d260b",
            "skipped": false
          },
          {
            "title": "should get user's profile",
            "fullTitle": "users API unit tests should get user's profile",
            "timedOut": false,
            "duration": 6,
            "state": "passed",
            "speed": "fast",
            "pass": true,
            "fail": false,
            "pending": false,
            "code": "// post to /api/users\n// calling home page api\nvar superserver = (0, _supertest2.default)(_server.server);\nsuperserver.get(\"/api/users/\").expect(\"Content-type\", /json/).expect(200) // THis is HTTP response\n.end(function (err, res) {\n  var id = res.body[0]._id;\n  superserver.get(\"/api/users/profile/\" + id).expect(\"Content-type\", /json/).expect(200) // THis is HTTP response\n  .end(function (err, res) {\n    res.body._id.should.equal(id);\n    done();\n  });\n});",
            "err": {},
            "isRoot": false,
            "uuid": "d23ef1a4-fa2a-4cc0-9963-b18ab28e0c72",
            "parentUUID": "08c1ce13-d73f-4dc1-91d7-5dc1c44d260b",
            "skipped": false
          }
        ],
        "failures": [],
        "skipped": [],
        "hasTests": true,
        "hasSuites": false,
        "totalTests": 5,
        "totalPasses": 5,
        "totalFailures": 0,
        "totalPending": 0,
        "totalSkipped": 0,
        "hasPasses": true,
        "hasFailures": false,
        "hasPending": false,
        "hasSkipped": false,
        "duration": 528,
        "rootEmpty": false
      }
    ],
    "tests": [],
    "pending": [],
    "root": true,
    "_timeout": 2000,
    "uuid": "647e7a22-31dd-4e37-bb31-970407918aaa",
    "fullFile": "",
    "file": "",
    "passes": [],
    "failures": [],
    "skipped": [],
    "hasTests": false,
    "hasSuites": true,
    "totalTests": 0,
    "totalPasses": 0,
    "totalFailures": 0,
    "totalPending": 0,
    "totalSkipped": 0,
    "hasPasses": false,
    "hasFailures": false,
    "hasPending": false,
    "hasSkipped": false,
    "duration": 0,
    "rootEmpty": true
  },
  "allTests": [
    {
      "title": "should return collection of JSON documents",
      "fullTitle": "users API unit tests should return collection of JSON documents",
      "timedOut": false,
      "duration": 448,
      "state": "passed",
      "speed": "slow",
      "pass": true,
      "fail": false,
      "pending": false,
      "code": "// calling home page api\n    (0, _supertest2.default)(_server.server).get(\"/api/users\").expect(\"Content-type\", /json/).expect(200) // THis is HTTP response\n    .end(function (err, res) {\n      // HTTP status should be 200\n      res.status.should.equal(200);\n      done();\n    });",
      "err": {},
      "isRoot": false,
      "uuid": "e206da1d-b1af-4a62-9907-f983c7cb2096",
      "parentUUID": "08c1ce13-d73f-4dc1-91d7-5dc1c44d260b",
      "skipped": false
    },
    {
      "title": "should add a user",
      "fullTitle": "users API unit tests should add a user",
      "timedOut": false,
      "duration": 37,
      "state": "passed",
      "speed": "fast",
      "pass": true,
      "fail": false,
      "pending": false,
      "code": "// post to /api/users\n    // calling home page api\n    (0, _supertest2.default)(_server.server).post('/api/users').send({ name: \"Linda Flinn\", address: \"3 Main St\" }).expect(\"Content-type\", /json/).expect(201).end(function (err, res) {\n      res.status.should.equal(201);\n      res.body.user.should.have.property('_id');\n      res.body.user.name.should.equal('Linda Flinn');\n      done();\n    });",
      "err": {},
      "isRoot": false,
      "uuid": "cf734901-cfe0-46ee-8c7b-14173ed24794",
      "parentUUID": "08c1ce13-d73f-4dc1-91d7-5dc1c44d260b",
      "skipped": false
    },
    {
      "title": "should add and delete Linda Flinn",
      "fullTitle": "users API unit tests should add and delete Linda Flinn",
      "timedOut": false,
      "duration": 29,
      "state": "passed",
      "speed": "fast",
      "pass": true,
      "fail": false,
      "pending": false,
      "code": "// post to /api/users\n// calling home page api\nvar superserver = (0, _supertest2.default)(_server.server);\nsuperserver.get(\"/api/users\").expect(\"Content-type\", /json/).expect(200) // THis is HTTP response\n.end(function (err, res) {\n  var id = res.body[0]._id;\n  superserver.put(\"/api/users/\" + id).send({ name: \"Linda Fl\", address: \"456 Strand St\" }).expect(\"Content-type\", /json/).expect(200) // THis is HTTP response\n  .end(function (err, res) {\n    superserver.delete(\"/api/users/\" + id).expect(\"Content-type\", /json/).expect(200) // THis is HTTP response\n    .end(function (err, res) {\n      res.body._id.should.equal(id);\n      res.body.name.should.equal(\"Linda Fl\");\n      done();\n    });\n  });\n});",
      "err": {},
      "isRoot": false,
      "uuid": "05452530-6873-406c-b02a-b6672fceaf71",
      "parentUUID": "08c1ce13-d73f-4dc1-91d7-5dc1c44d260b",
      "skipped": false
    },
    {
      "title": "should delete user",
      "fullTitle": "users API unit tests should delete user",
      "timedOut": false,
      "duration": 8,
      "state": "passed",
      "speed": "fast",
      "pass": true,
      "fail": false,
      "pending": false,
      "code": "// post to /api/users\n// calling home page api\nvar superserver = (0, _supertest2.default)(_server.server);\nsuperserver.get(\"/api/users\").expect(\"Content-type\", /json/).expect(200) // THis is HTTP response\n.end(function (err, res) {\n  var id = res.body[0]._id;\n  superserver.delete(\"/api/users/\" + id).expect(\"Content-type\", /json/).expect(200) // THis is HTTP response\n  .end(function (err, res) {\n    res.body._id.should.equal(id);\n    res.body.should.have.property(\"name\");\n    done();\n  });\n});",
      "err": {},
      "isRoot": false,
      "uuid": "7c4b343b-8080-4ce5-841d-90ff5bc47528",
      "parentUUID": "08c1ce13-d73f-4dc1-91d7-5dc1c44d260b",
      "skipped": false
    },
    {
      "title": "should get user's profile",
      "fullTitle": "users API unit tests should get user's profile",
      "timedOut": false,
      "duration": 6,
      "state": "passed",
      "speed": "fast",
      "pass": true,
      "fail": false,
      "pending": false,
      "code": "// post to /api/users\n// calling home page api\nvar superserver = (0, _supertest2.default)(_server.server);\nsuperserver.get(\"/api/users/\").expect(\"Content-type\", /json/).expect(200) // THis is HTTP response\n.end(function (err, res) {\n  var id = res.body[0]._id;\n  superserver.get(\"/api/users/profile/\" + id).expect(\"Content-type\", /json/).expect(200) // THis is HTTP response\n  .end(function (err, res) {\n    res.body._id.should.equal(id);\n    done();\n  });\n});",
      "err": {},
      "isRoot": false,
      "uuid": "d23ef1a4-fa2a-4cc0-9963-b18ab28e0c72",
      "parentUUID": "08c1ce13-d73f-4dc1-91d7-5dc1c44d260b",
      "skipped": false
    }
  ],
  "allPending": [],
  "allPasses": [
    {
      "title": "should return collection of JSON documents",
      "fullTitle": "users API unit tests should return collection of JSON documents",
      "timedOut": false,
      "duration": 448,
      "state": "passed",
      "speed": "slow",
      "pass": true,
      "fail": false,
      "pending": false,
      "code": "// calling home page api\n    (0, _supertest2.default)(_server.server).get(\"/api/users\").expect(\"Content-type\", /json/).expect(200) // THis is HTTP response\n    .end(function (err, res) {\n      // HTTP status should be 200\n      res.status.should.equal(200);\n      done();\n    });",
      "err": {},
      "isRoot": false,
      "uuid": "e206da1d-b1af-4a62-9907-f983c7cb2096",
      "parentUUID": "08c1ce13-d73f-4dc1-91d7-5dc1c44d260b",
      "skipped": false
    },
    {
      "title": "should add a user",
      "fullTitle": "users API unit tests should add a user",
      "timedOut": false,
      "duration": 37,
      "state": "passed",
      "speed": "fast",
      "pass": true,
      "fail": false,
      "pending": false,
      "code": "// post to /api/users\n    // calling home page api\n    (0, _supertest2.default)(_server.server).post('/api/users').send({ name: \"Linda Flinn\", address: \"3 Main St\" }).expect(\"Content-type\", /json/).expect(201).end(function (err, res) {\n      res.status.should.equal(201);\n      res.body.user.should.have.property('_id');\n      res.body.user.name.should.equal('Linda Flinn');\n      done();\n    });",
      "err": {},
      "isRoot": false,
      "uuid": "cf734901-cfe0-46ee-8c7b-14173ed24794",
      "parentUUID": "08c1ce13-d73f-4dc1-91d7-5dc1c44d260b",
      "skipped": false
    },
    {
      "title": "should add and delete Linda Flinn",
      "fullTitle": "users API unit tests should add and delete Linda Flinn",
      "timedOut": false,
      "duration": 29,
      "state": "passed",
      "speed": "fast",
      "pass": true,
      "fail": false,
      "pending": false,
      "code": "// post to /api/users\n// calling home page api\nvar superserver = (0, _supertest2.default)(_server.server);\nsuperserver.get(\"/api/users\").expect(\"Content-type\", /json/).expect(200) // THis is HTTP response\n.end(function (err, res) {\n  var id = res.body[0]._id;\n  superserver.put(\"/api/users/\" + id).send({ name: \"Linda Fl\", address: \"456 Strand St\" }).expect(\"Content-type\", /json/).expect(200) // THis is HTTP response\n  .end(function (err, res) {\n    superserver.delete(\"/api/users/\" + id).expect(\"Content-type\", /json/).expect(200) // THis is HTTP response\n    .end(function (err, res) {\n      res.body._id.should.equal(id);\n      res.body.name.should.equal(\"Linda Fl\");\n      done();\n    });\n  });\n});",
      "err": {},
      "isRoot": false,
      "uuid": "05452530-6873-406c-b02a-b6672fceaf71",
      "parentUUID": "08c1ce13-d73f-4dc1-91d7-5dc1c44d260b",
      "skipped": false
    },
    {
      "title": "should delete user",
      "fullTitle": "users API unit tests should delete user",
      "timedOut": false,
      "duration": 8,
      "state": "passed",
      "speed": "fast",
      "pass": true,
      "fail": false,
      "pending": false,
      "code": "// post to /api/users\n// calling home page api\nvar superserver = (0, _supertest2.default)(_server.server);\nsuperserver.get(\"/api/users\").expect(\"Content-type\", /json/).expect(200) // THis is HTTP response\n.end(function (err, res) {\n  var id = res.body[0]._id;\n  superserver.delete(\"/api/users/\" + id).expect(\"Content-type\", /json/).expect(200) // THis is HTTP response\n  .end(function (err, res) {\n    res.body._id.should.equal(id);\n    res.body.should.have.property(\"name\");\n    done();\n  });\n});",
      "err": {},
      "isRoot": false,
      "uuid": "7c4b343b-8080-4ce5-841d-90ff5bc47528",
      "parentUUID": "08c1ce13-d73f-4dc1-91d7-5dc1c44d260b",
      "skipped": false
    },
    {
      "title": "should get user's profile",
      "fullTitle": "users API unit tests should get user's profile",
      "timedOut": false,
      "duration": 6,
      "state": "passed",
      "speed": "fast",
      "pass": true,
      "fail": false,
      "pending": false,
      "code": "// post to /api/users\n// calling home page api\nvar superserver = (0, _supertest2.default)(_server.server);\nsuperserver.get(\"/api/users/\").expect(\"Content-type\", /json/).expect(200) // THis is HTTP response\n.end(function (err, res) {\n  var id = res.body[0]._id;\n  superserver.get(\"/api/users/profile/\" + id).expect(\"Content-type\", /json/).expect(200) // THis is HTTP response\n  .end(function (err, res) {\n    res.body._id.should.equal(id);\n    done();\n  });\n});",
      "err": {},
      "isRoot": false,
      "uuid": "d23ef1a4-fa2a-4cc0-9963-b18ab28e0c72",
      "parentUUID": "08c1ce13-d73f-4dc1-91d7-5dc1c44d260b",
      "skipped": false
    }
  ],
  "allFailures": [],
  "copyrightYear": 2017
}