{
  "stats": {
    "suites": 1,
    "tests": 5,
    "passes": 5,
    "pending": 0,
    "failures": 0,
    "start": "2017-05-10T10:01:02.311Z",
    "end": "2017-05-10T10:01:02.899Z",
    "duration": 588,
    "testsRegistered": 5,
    "passPercent": 100,
    "pendingPercent": 0,
    "other": 0,
    "hasOther": false,
    "skipped": 0,
    "hasSkipped": false,
    "passPercentClass": "success",
    "pendingPercentClass": "danger"
  },
  "suites": {
    "title": "",
    "suites": [
      {
        "title": "users API unit tests",
        "suites": [],
        "tests": [
          {
            "title": "should return collection of JSON documents",
            "fullTitle": "users API unit tests should return collection of JSON documents",
            "timedOut": false,
            "duration": 480,
            "state": "passed",
            "speed": "slow",
            "pass": true,
            "fail": false,
            "pending": false,
            "code": "// calling home page api\n    (0, _supertest2.default)(_server.server).get(\"/api/users\").expect(\"Content-type\", /json/).expect(200) // THis is HTTP response\n    .end(function (err, res) {\n      // HTTP status should be 200\n      res.status.should.equal(200);\n      done();\n    });",
            "err": {},
            "isRoot": false,
            "uuid": "41e5eb64-86db-435b-844e-b1fb9e43875b",
            "parentUUID": "88636719-af36-4410-a91a-96dd6065ebd3",
            "skipped": false
          },
          {
            "title": "should add a user",
            "fullTitle": "users API unit tests should add a user",
            "timedOut": false,
            "duration": 33,
            "state": "passed",
            "speed": "fast",
            "pass": true,
            "fail": false,
            "pending": false,
            "code": "// post to /api/users\n    // calling home page api\n    (0, _supertest2.default)(_server.server).post('/api/users').send({ name: \"Linda Flinn\", address: \"3 Main St\" }).expect(\"Content-type\", /json/).expect(201).end(function (err, res) {\n      res.status.should.equal(201);\n      res.body.user.should.have.property('_id');\n      res.body.user.name.should.equal('Linda Flinn');\n      done();\n    });",
            "err": {},
            "isRoot": false,
            "uuid": "e207fb6f-e60c-45da-a1e9-1cffc186c505",
            "parentUUID": "88636719-af36-4410-a91a-96dd6065ebd3",
            "skipped": false
          },
          {
            "title": "should add and delete Linda Flinn",
            "fullTitle": "users API unit tests should add and delete Linda Flinn",
            "timedOut": false,
            "duration": 26,
            "state": "passed",
            "speed": "fast",
            "pass": true,
            "fail": false,
            "pending": false,
            "code": "// post to /api/users\n// calling home page api\nvar superserver = (0, _supertest2.default)(_server.server);\nsuperserver.get(\"/api/users\").expect(\"Content-type\", /json/).expect(200) // THis is HTTP response\n.end(function (err, res) {\n  var id = res.body[0]._id;\n  superserver.put(\"/api/users/\" + id).send({ name: \"Linda Fl\", address: \"456 Strand St\" }).expect(\"Content-type\", /json/).expect(200) // THis is HTTP response\n  .end(function (err, res) {\n    superserver.delete(\"/api/users/\" + id).expect(\"Content-type\", /json/).expect(200) // THis is HTTP response\n    .end(function (err, res) {\n      res.body._id.should.equal(id);\n      res.body.name.should.equal(\"Linda Fl\");\n      done();\n    });\n  });\n});",
            "err": {},
            "isRoot": false,
            "uuid": "b8ef4cd3-29af-456d-b3fd-979f35100e1b",
            "parentUUID": "88636719-af36-4410-a91a-96dd6065ebd3",
            "skipped": false
          },
          {
            "title": "should delete user",
            "fullTitle": "users API unit tests should delete user",
            "timedOut": false,
            "duration": 7,
            "state": "passed",
            "speed": "fast",
            "pass": true,
            "fail": false,
            "pending": false,
            "code": "// post to /api/users\n// calling home page api\nvar superserver = (0, _supertest2.default)(_server.server);\nsuperserver.get(\"/api/users\").expect(\"Content-type\", /json/).expect(200) // THis is HTTP response\n.end(function (err, res) {\n  var id = res.body[0]._id;\n  superserver.delete(\"/api/users/\" + id).expect(\"Content-type\", /json/).expect(200) // THis is HTTP response\n  .end(function (err, res) {\n    res.body._id.should.equal(id);\n    res.body.should.have.property(\"name\");\n    done();\n  });\n});",
            "err": {},
            "isRoot": false,
            "uuid": "6655a383-80b4-4b8b-aaa9-0e1bb843c5ec",
            "parentUUID": "88636719-af36-4410-a91a-96dd6065ebd3",
            "skipped": false
          },
          {
            "title": "should get user's profile",
            "fullTitle": "users API unit tests should get user's profile",
            "timedOut": false,
            "duration": 11,
            "state": "passed",
            "speed": "fast",
            "pass": true,
            "fail": false,
            "pending": false,
            "code": "// post to /api/users\n// calling home page api\nvar superserver = (0, _supertest2.default)(_server.server);\nsuperserver.get(\"/api/users/\").expect(\"Content-type\", /json/).expect(200) // THis is HTTP response\n.end(function (err, res) {\n  var id = res.body[0]._id;\n  superserver.get(\"/api/users/profile/\" + id).expect(\"Content-type\", /json/).expect(200) // THis is HTTP response\n  .end(function (err, res) {\n    res.body._id.should.equal(id);\n    done();\n  });\n});",
            "err": {},
            "isRoot": false,
            "uuid": "b27c8eb6-2875-4f86-ba5e-f1860be0dd13",
            "parentUUID": "88636719-af36-4410-a91a-96dd6065ebd3",
            "skipped": false
          }
        ],
        "pending": [],
        "root": false,
        "_timeout": 120000,
        "file": "/test/testApi.js",
        "uuid": "88636719-af36-4410-a91a-96dd6065ebd3",
        "fullFile": "/home/kmatuleviciute/reactapp_restapi/test/testApi.js",
        "passes": [
          {
            "title": "should return collection of JSON documents",
            "fullTitle": "users API unit tests should return collection of JSON documents",
            "timedOut": false,
            "duration": 480,
            "state": "passed",
            "speed": "slow",
            "pass": true,
            "fail": false,
            "pending": false,
            "code": "// calling home page api\n    (0, _supertest2.default)(_server.server).get(\"/api/users\").expect(\"Content-type\", /json/).expect(200) // THis is HTTP response\n    .end(function (err, res) {\n      // HTTP status should be 200\n      res.status.should.equal(200);\n      done();\n    });",
            "err": {},
            "isRoot": false,
            "uuid": "41e5eb64-86db-435b-844e-b1fb9e43875b",
            "parentUUID": "88636719-af36-4410-a91a-96dd6065ebd3",
            "skipped": false
          },
          {
            "title": "should add a user",
            "fullTitle": "users API unit tests should add a user",
            "timedOut": false,
            "duration": 33,
            "state": "passed",
            "speed": "fast",
            "pass": true,
            "fail": false,
            "pending": false,
            "code": "// post to /api/users\n    // calling home page api\n    (0, _supertest2.default)(_server.server).post('/api/users').send({ name: \"Linda Flinn\", address: \"3 Main St\" }).expect(\"Content-type\", /json/).expect(201).end(function (err, res) {\n      res.status.should.equal(201);\n      res.body.user.should.have.property('_id');\n      res.body.user.name.should.equal('Linda Flinn');\n      done();\n    });",
            "err": {},
            "isRoot": false,
            "uuid": "e207fb6f-e60c-45da-a1e9-1cffc186c505",
            "parentUUID": "88636719-af36-4410-a91a-96dd6065ebd3",
            "skipped": false
          },
          {
            "title": "should add and delete Linda Flinn",
            "fullTitle": "users API unit tests should add and delete Linda Flinn",
            "timedOut": false,
            "duration": 26,
            "state": "passed",
            "speed": "fast",
            "pass": true,
            "fail": false,
            "pending": false,
            "code": "// post to /api/users\n// calling home page api\nvar superserver = (0, _supertest2.default)(_server.server);\nsuperserver.get(\"/api/users\").expect(\"Content-type\", /json/).expect(200) // THis is HTTP response\n.end(function (err, res) {\n  var id = res.body[0]._id;\n  superserver.put(\"/api/users/\" + id).send({ name: \"Linda Fl\", address: \"456 Strand St\" }).expect(\"Content-type\", /json/).expect(200) // THis is HTTP response\n  .end(function (err, res) {\n    superserver.delete(\"/api/users/\" + id).expect(\"Content-type\", /json/).expect(200) // THis is HTTP response\n    .end(function (err, res) {\n      res.body._id.should.equal(id);\n      res.body.name.should.equal(\"Linda Fl\");\n      done();\n    });\n  });\n});",
            "err": {},
            "isRoot": false,
            "uuid": "b8ef4cd3-29af-456d-b3fd-979f35100e1b",
            "parentUUID": "88636719-af36-4410-a91a-96dd6065ebd3",
            "skipped": false
          },
          {
            "title": "should delete user",
            "fullTitle": "users API unit tests should delete user",
            "timedOut": false,
            "duration": 7,
            "state": "passed",
            "speed": "fast",
            "pass": true,
            "fail": false,
            "pending": false,
            "code": "// post to /api/users\n// calling home page api\nvar superserver = (0, _supertest2.default)(_server.server);\nsuperserver.get(\"/api/users\").expect(\"Content-type\", /json/).expect(200) // THis is HTTP response\n.end(function (err, res) {\n  var id = res.body[0]._id;\n  superserver.delete(\"/api/users/\" + id).expect(\"Content-type\", /json/).expect(200) // THis is HTTP response\n  .end(function (err, res) {\n    res.body._id.should.equal(id);\n    res.body.should.have.property(\"name\");\n    done();\n  });\n});",
            "err": {},
            "isRoot": false,
            "uuid": "6655a383-80b4-4b8b-aaa9-0e1bb843c5ec",
            "parentUUID": "88636719-af36-4410-a91a-96dd6065ebd3",
            "skipped": false
          },
          {
            "title": "should get user's profile",
            "fullTitle": "users API unit tests should get user's profile",
            "timedOut": false,
            "duration": 11,
            "state": "passed",
            "speed": "fast",
            "pass": true,
            "fail": false,
            "pending": false,
            "code": "// post to /api/users\n// calling home page api\nvar superserver = (0, _supertest2.default)(_server.server);\nsuperserver.get(\"/api/users/\").expect(\"Content-type\", /json/).expect(200) // THis is HTTP response\n.end(function (err, res) {\n  var id = res.body[0]._id;\n  superserver.get(\"/api/users/profile/\" + id).expect(\"Content-type\", /json/).expect(200) // THis is HTTP response\n  .end(function (err, res) {\n    res.body._id.should.equal(id);\n    done();\n  });\n});",
            "err": {},
            "isRoot": false,
            "uuid": "b27c8eb6-2875-4f86-ba5e-f1860be0dd13",
            "parentUUID": "88636719-af36-4410-a91a-96dd6065ebd3",
            "skipped": false
          }
        ],
        "failures": [],
        "skipped": [],
        "hasTests": true,
        "hasSuites": false,
        "totalTests": 5,
        "totalPasses": 5,
        "totalFailures": 0,
        "totalPending": 0,
        "totalSkipped": 0,
        "hasPasses": true,
        "hasFailures": false,
        "hasPending": false,
        "hasSkipped": false,
        "duration": 557,
        "rootEmpty": false
      }
    ],
    "tests": [],
    "pending": [],
    "root": true,
    "_timeout": 2000,
    "uuid": "12522cad-20c1-431a-895e-986205dfdd73",
    "fullFile": "",
    "file": "",
    "passes": [],
    "failures": [],
    "skipped": [],
    "hasTests": false,
    "hasSuites": true,
    "totalTests": 0,
    "totalPasses": 0,
    "totalFailures": 0,
    "totalPending": 0,
    "totalSkipped": 0,
    "hasPasses": false,
    "hasFailures": false,
    "hasPending": false,
    "hasSkipped": false,
    "duration": 0,
    "rootEmpty": true
  },
  "allTests": [
    {
      "title": "should return collection of JSON documents",
      "fullTitle": "users API unit tests should return collection of JSON documents",
      "timedOut": false,
      "duration": 480,
      "state": "passed",
      "speed": "slow",
      "pass": true,
      "fail": false,
      "pending": false,
      "code": "// calling home page api\n    (0, _supertest2.default)(_server.server).get(\"/api/users\").expect(\"Content-type\", /json/).expect(200) // THis is HTTP response\n    .end(function (err, res) {\n      // HTTP status should be 200\n      res.status.should.equal(200);\n      done();\n    });",
      "err": {},
      "isRoot": false,
      "uuid": "41e5eb64-86db-435b-844e-b1fb9e43875b",
      "parentUUID": "88636719-af36-4410-a91a-96dd6065ebd3",
      "skipped": false
    },
    {
      "title": "should add a user",
      "fullTitle": "users API unit tests should add a user",
      "timedOut": false,
      "duration": 33,
      "state": "passed",
      "speed": "fast",
      "pass": true,
      "fail": false,
      "pending": false,
      "code": "// post to /api/users\n    // calling home page api\n    (0, _supertest2.default)(_server.server).post('/api/users').send({ name: \"Linda Flinn\", address: \"3 Main St\" }).expect(\"Content-type\", /json/).expect(201).end(function (err, res) {\n      res.status.should.equal(201);\n      res.body.user.should.have.property('_id');\n      res.body.user.name.should.equal('Linda Flinn');\n      done();\n    });",
      "err": {},
      "isRoot": false,
      "uuid": "e207fb6f-e60c-45da-a1e9-1cffc186c505",
      "parentUUID": "88636719-af36-4410-a91a-96dd6065ebd3",
      "skipped": false
    },
    {
      "title": "should add and delete Linda Flinn",
      "fullTitle": "users API unit tests should add and delete Linda Flinn",
      "timedOut": false,
      "duration": 26,
      "state": "passed",
      "speed": "fast",
      "pass": true,
      "fail": false,
      "pending": false,
      "code": "// post to /api/users\n// calling home page api\nvar superserver = (0, _supertest2.default)(_server.server);\nsuperserver.get(\"/api/users\").expect(\"Content-type\", /json/).expect(200) // THis is HTTP response\n.end(function (err, res) {\n  var id = res.body[0]._id;\n  superserver.put(\"/api/users/\" + id).send({ name: \"Linda Fl\", address: \"456 Strand St\" }).expect(\"Content-type\", /json/).expect(200) // THis is HTTP response\n  .end(function (err, res) {\n    superserver.delete(\"/api/users/\" + id).expect(\"Content-type\", /json/).expect(200) // THis is HTTP response\n    .end(function (err, res) {\n      res.body._id.should.equal(id);\n      res.body.name.should.equal(\"Linda Fl\");\n      done();\n    });\n  });\n});",
      "err": {},
      "isRoot": false,
      "uuid": "b8ef4cd3-29af-456d-b3fd-979f35100e1b",
      "parentUUID": "88636719-af36-4410-a91a-96dd6065ebd3",
      "skipped": false
    },
    {
      "title": "should delete user",
      "fullTitle": "users API unit tests should delete user",
      "timedOut": false,
      "duration": 7,
      "state": "passed",
      "speed": "fast",
      "pass": true,
      "fail": false,
      "pending": false,
      "code": "// post to /api/users\n// calling home page api\nvar superserver = (0, _supertest2.default)(_server.server);\nsuperserver.get(\"/api/users\").expect(\"Content-type\", /json/).expect(200) // THis is HTTP response\n.end(function (err, res) {\n  var id = res.body[0]._id;\n  superserver.delete(\"/api/users/\" + id).expect(\"Content-type\", /json/).expect(200) // THis is HTTP response\n  .end(function (err, res) {\n    res.body._id.should.equal(id);\n    res.body.should.have.property(\"name\");\n    done();\n  });\n});",
      "err": {},
      "isRoot": false,
      "uuid": "6655a383-80b4-4b8b-aaa9-0e1bb843c5ec",
      "parentUUID": "88636719-af36-4410-a91a-96dd6065ebd3",
      "skipped": false
    },
    {
      "title": "should get user's profile",
      "fullTitle": "users API unit tests should get user's profile",
      "timedOut": false,
      "duration": 11,
      "state": "passed",
      "speed": "fast",
      "pass": true,
      "fail": false,
      "pending": false,
      "code": "// post to /api/users\n// calling home page api\nvar superserver = (0, _supertest2.default)(_server.server);\nsuperserver.get(\"/api/users/\").expect(\"Content-type\", /json/).expect(200) // THis is HTTP response\n.end(function (err, res) {\n  var id = res.body[0]._id;\n  superserver.get(\"/api/users/profile/\" + id).expect(\"Content-type\", /json/).expect(200) // THis is HTTP response\n  .end(function (err, res) {\n    res.body._id.should.equal(id);\n    done();\n  });\n});",
      "err": {},
      "isRoot": false,
      "uuid": "b27c8eb6-2875-4f86-ba5e-f1860be0dd13",
      "parentUUID": "88636719-af36-4410-a91a-96dd6065ebd3",
      "skipped": false
    }
  ],
  "allPending": [],
  "allPasses": [
    {
      "title": "should return collection of JSON documents",
      "fullTitle": "users API unit tests should return collection of JSON documents",
      "timedOut": false,
      "duration": 480,
      "state": "passed",
      "speed": "slow",
      "pass": true,
      "fail": false,
      "pending": false,
      "code": "// calling home page api\n    (0, _supertest2.default)(_server.server).get(\"/api/users\").expect(\"Content-type\", /json/).expect(200) // THis is HTTP response\n    .end(function (err, res) {\n      // HTTP status should be 200\n      res.status.should.equal(200);\n      done();\n    });",
      "err": {},
      "isRoot": false,
      "uuid": "41e5eb64-86db-435b-844e-b1fb9e43875b",
      "parentUUID": "88636719-af36-4410-a91a-96dd6065ebd3",
      "skipped": false
    },
    {
      "title": "should add a user",
      "fullTitle": "users API unit tests should add a user",
      "timedOut": false,
      "duration": 33,
      "state": "passed",
      "speed": "fast",
      "pass": true,
      "fail": false,
      "pending": false,
      "code": "// post to /api/users\n    // calling home page api\n    (0, _supertest2.default)(_server.server).post('/api/users').send({ name: \"Linda Flinn\", address: \"3 Main St\" }).expect(\"Content-type\", /json/).expect(201).end(function (err, res) {\n      res.status.should.equal(201);\n      res.body.user.should.have.property('_id');\n      res.body.user.name.should.equal('Linda Flinn');\n      done();\n    });",
      "err": {},
      "isRoot": false,
      "uuid": "e207fb6f-e60c-45da-a1e9-1cffc186c505",
      "parentUUID": "88636719-af36-4410-a91a-96dd6065ebd3",
      "skipped": false
    },
    {
      "title": "should add and delete Linda Flinn",
      "fullTitle": "users API unit tests should add and delete Linda Flinn",
      "timedOut": false,
      "duration": 26,
      "state": "passed",
      "speed": "fast",
      "pass": true,
      "fail": false,
      "pending": false,
      "code": "// post to /api/users\n// calling home page api\nvar superserver = (0, _supertest2.default)(_server.server);\nsuperserver.get(\"/api/users\").expect(\"Content-type\", /json/).expect(200) // THis is HTTP response\n.end(function (err, res) {\n  var id = res.body[0]._id;\n  superserver.put(\"/api/users/\" + id).send({ name: \"Linda Fl\", address: \"456 Strand St\" }).expect(\"Content-type\", /json/).expect(200) // THis is HTTP response\n  .end(function (err, res) {\n    superserver.delete(\"/api/users/\" + id).expect(\"Content-type\", /json/).expect(200) // THis is HTTP response\n    .end(function (err, res) {\n      res.body._id.should.equal(id);\n      res.body.name.should.equal(\"Linda Fl\");\n      done();\n    });\n  });\n});",
      "err": {},
      "isRoot": false,
      "uuid": "b8ef4cd3-29af-456d-b3fd-979f35100e1b",
      "parentUUID": "88636719-af36-4410-a91a-96dd6065ebd3",
      "skipped": false
    },
    {
      "title": "should delete user",
      "fullTitle": "users API unit tests should delete user",
      "timedOut": false,
      "duration": 7,
      "state": "passed",
      "speed": "fast",
      "pass": true,
      "fail": false,
      "pending": false,
      "code": "// post to /api/users\n// calling home page api\nvar superserver = (0, _supertest2.default)(_server.server);\nsuperserver.get(\"/api/users\").expect(\"Content-type\", /json/).expect(200) // THis is HTTP response\n.end(function (err, res) {\n  var id = res.body[0]._id;\n  superserver.delete(\"/api/users/\" + id).expect(\"Content-type\", /json/).expect(200) // THis is HTTP response\n  .end(function (err, res) {\n    res.body._id.should.equal(id);\n    res.body.should.have.property(\"name\");\n    done();\n  });\n});",
      "err": {},
      "isRoot": false,
      "uuid": "6655a383-80b4-4b8b-aaa9-0e1bb843c5ec",
      "parentUUID": "88636719-af36-4410-a91a-96dd6065ebd3",
      "skipped": false
    },
    {
      "title": "should get user's profile",
      "fullTitle": "users API unit tests should get user's profile",
      "timedOut": false,
      "duration": 11,
      "state": "passed",
      "speed": "fast",
      "pass": true,
      "fail": false,
      "pending": false,
      "code": "// post to /api/users\n// calling home page api\nvar superserver = (0, _supertest2.default)(_server.server);\nsuperserver.get(\"/api/users/\").expect(\"Content-type\", /json/).expect(200) // THis is HTTP response\n.end(function (err, res) {\n  var id = res.body[0]._id;\n  superserver.get(\"/api/users/profile/\" + id).expect(\"Content-type\", /json/).expect(200) // THis is HTTP response\n  .end(function (err, res) {\n    res.body._id.should.equal(id);\n    done();\n  });\n});",
      "err": {},
      "isRoot": false,
      "uuid": "b27c8eb6-2875-4f86-ba5e-f1860be0dd13",
      "parentUUID": "88636719-af36-4410-a91a-96dd6065ebd3",
      "skipped": false
    }
  ],
  "allFailures": [],
  "copyrightYear": 2017
}