{
  "stats": {
    "suites": 1,
    "tests": 4,
    "passes": 4,
    "pending": 0,
    "failures": 0,
    "start": "2017-05-05T12:59:40.855Z",
    "end": "2017-05-05T12:59:41.510Z",
    "duration": 655,
    "testsRegistered": 4,
    "passPercent": 100,
    "pendingPercent": 0,
    "other": 0,
    "hasOther": false,
    "skipped": 0,
    "hasSkipped": false,
    "passPercentClass": "success",
    "pendingPercentClass": "danger"
  },
  "suites": {
    "title": "",
    "suites": [
      {
        "title": "users API unit tests",
        "suites": [],
        "tests": [
          {
            "title": "should return collection of JSON documents",
            "fullTitle": "users API unit tests should return collection of JSON documents",
            "timedOut": false,
            "duration": 532,
            "state": "passed",
            "speed": "slow",
            "pass": true,
            "fail": false,
            "pending": false,
            "code": "// calling home page api\n    (0, _supertest2.default)(_server.server).get(\"/api/users\").expect(\"Content-type\", /json/).expect(200) // THis is HTTP response\n    .end(function (err, res) {\n      // HTTP status should be 200\n      res.status.should.equal(200);\n      done();\n    });",
            "err": {},
            "isRoot": false,
            "uuid": "6dfceb63-a73b-4be7-a5a2-f2bff469cfb9",
            "parentUUID": "51a324ab-d28b-4d98-99d6-efebb79163db",
            "skipped": false
          },
          {
            "title": "should add a user",
            "fullTitle": "users API unit tests should add a user",
            "timedOut": false,
            "duration": 37,
            "state": "passed",
            "speed": "fast",
            "pass": true,
            "fail": false,
            "pending": false,
            "code": "// post to /api/users\n    // calling home page api\n    (0, _supertest2.default)(_server.server).post('/api/users').send({ name: \"Linda Flinn\", address: \"3 Main St\" }).expect(\"Content-type\", /json/).expect(201).end(function (err, res) {\n      res.status.should.equal(201);\n      res.body.user.should.have.property('_id');\n      res.body.user.name.should.equal('Linda Flinn');\n      done();\n    });",
            "err": {},
            "isRoot": false,
            "uuid": "61689471-d17d-4733-ba87-6bde6324b16a",
            "parentUUID": "51a324ab-d28b-4d98-99d6-efebb79163db",
            "skipped": false
          },
          {
            "title": "should add and delete Linda Flinn",
            "fullTitle": "users API unit tests should add and delete Linda Flinn",
            "timedOut": false,
            "duration": 45,
            "state": "passed",
            "speed": "medium",
            "pass": true,
            "fail": false,
            "pending": false,
            "code": "// post to /api/users\n// calling home page api\nvar superserver = (0, _supertest2.default)(_server.server);\nsuperserver.get(\"/api/users\").expect(\"Content-type\", /json/).expect(200) // THis is HTTP response\n.end(function (err, res) {\n  var id = res.body[0]._id;\n  superserver.put(\"/api/users/\" + id).send({ name: \"Linda Fl\", address: \"456 Strand St\" }).expect(\"Content-type\", /json/).expect(200) // THis is HTTP response\n  .end(function (err, res) {\n    superserver.delete(\"/api/users/\" + id).expect(\"Content-type\", /json/).expect(200) // THis is HTTP response\n    .end(function (err, res) {\n      res.body._id.should.equal(id);\n      res.body.name.should.equal(\"Linda Fl\");\n      done();\n    });\n  });\n});",
            "err": {},
            "isRoot": false,
            "uuid": "4d281d14-7c24-4168-accf-56536762a0a7",
            "parentUUID": "51a324ab-d28b-4d98-99d6-efebb79163db",
            "skipped": false
          },
          {
            "title": "should delete user",
            "fullTitle": "users API unit tests should delete user",
            "timedOut": false,
            "duration": 7,
            "state": "passed",
            "speed": "fast",
            "pass": true,
            "fail": false,
            "pending": false,
            "code": "// post to /api/users\n// calling home page api\nvar superserver = (0, _supertest2.default)(_server.server);\nsuperserver.get(\"/api/users\").expect(\"Content-type\", /json/).expect(200) // THis is HTTP response\n.end(function (err, res) {\n  var id = res.body[0]._id;\n  superserver.delete(\"/api/users/\" + id).expect(\"Content-type\", /json/).expect(200) // THis is HTTP response\n  .end(function (err, res) {\n    res.body._id.should.equal(id);\n    res.body.should.have.property(\"name\");\n    done();\n  });\n});",
            "err": {},
            "isRoot": false,
            "uuid": "0745b6aa-ff94-49f5-b670-a971e4daa7f1",
            "parentUUID": "51a324ab-d28b-4d98-99d6-efebb79163db",
            "skipped": false
          }
        ],
        "pending": [],
        "root": false,
        "_timeout": 120000,
        "file": "/test/testApi.js",
        "uuid": "51a324ab-d28b-4d98-99d6-efebb79163db",
        "fullFile": "/home/kmatuleviciute/reactapp_restapi/test/testApi.js",
        "passes": [
          {
            "title": "should return collection of JSON documents",
            "fullTitle": "users API unit tests should return collection of JSON documents",
            "timedOut": false,
            "duration": 532,
            "state": "passed",
            "speed": "slow",
            "pass": true,
            "fail": false,
            "pending": false,
            "code": "// calling home page api\n    (0, _supertest2.default)(_server.server).get(\"/api/users\").expect(\"Content-type\", /json/).expect(200) // THis is HTTP response\n    .end(function (err, res) {\n      // HTTP status should be 200\n      res.status.should.equal(200);\n      done();\n    });",
            "err": {},
            "isRoot": false,
            "uuid": "6dfceb63-a73b-4be7-a5a2-f2bff469cfb9",
            "parentUUID": "51a324ab-d28b-4d98-99d6-efebb79163db",
            "skipped": false
          },
          {
            "title": "should add a user",
            "fullTitle": "users API unit tests should add a user",
            "timedOut": false,
            "duration": 37,
            "state": "passed",
            "speed": "fast",
            "pass": true,
            "fail": false,
            "pending": false,
            "code": "// post to /api/users\n    // calling home page api\n    (0, _supertest2.default)(_server.server).post('/api/users').send({ name: \"Linda Flinn\", address: \"3 Main St\" }).expect(\"Content-type\", /json/).expect(201).end(function (err, res) {\n      res.status.should.equal(201);\n      res.body.user.should.have.property('_id');\n      res.body.user.name.should.equal('Linda Flinn');\n      done();\n    });",
            "err": {},
            "isRoot": false,
            "uuid": "61689471-d17d-4733-ba87-6bde6324b16a",
            "parentUUID": "51a324ab-d28b-4d98-99d6-efebb79163db",
            "skipped": false
          },
          {
            "title": "should add and delete Linda Flinn",
            "fullTitle": "users API unit tests should add and delete Linda Flinn",
            "timedOut": false,
            "duration": 45,
            "state": "passed",
            "speed": "medium",
            "pass": true,
            "fail": false,
            "pending": false,
            "code": "// post to /api/users\n// calling home page api\nvar superserver = (0, _supertest2.default)(_server.server);\nsuperserver.get(\"/api/users\").expect(\"Content-type\", /json/).expect(200) // THis is HTTP response\n.end(function (err, res) {\n  var id = res.body[0]._id;\n  superserver.put(\"/api/users/\" + id).send({ name: \"Linda Fl\", address: \"456 Strand St\" }).expect(\"Content-type\", /json/).expect(200) // THis is HTTP response\n  .end(function (err, res) {\n    superserver.delete(\"/api/users/\" + id).expect(\"Content-type\", /json/).expect(200) // THis is HTTP response\n    .end(function (err, res) {\n      res.body._id.should.equal(id);\n      res.body.name.should.equal(\"Linda Fl\");\n      done();\n    });\n  });\n});",
            "err": {},
            "isRoot": false,
            "uuid": "4d281d14-7c24-4168-accf-56536762a0a7",
            "parentUUID": "51a324ab-d28b-4d98-99d6-efebb79163db",
            "skipped": false
          },
          {
            "title": "should delete user",
            "fullTitle": "users API unit tests should delete user",
            "timedOut": false,
            "duration": 7,
            "state": "passed",
            "speed": "fast",
            "pass": true,
            "fail": false,
            "pending": false,
            "code": "// post to /api/users\n// calling home page api\nvar superserver = (0, _supertest2.default)(_server.server);\nsuperserver.get(\"/api/users\").expect(\"Content-type\", /json/).expect(200) // THis is HTTP response\n.end(function (err, res) {\n  var id = res.body[0]._id;\n  superserver.delete(\"/api/users/\" + id).expect(\"Content-type\", /json/).expect(200) // THis is HTTP response\n  .end(function (err, res) {\n    res.body._id.should.equal(id);\n    res.body.should.have.property(\"name\");\n    done();\n  });\n});",
            "err": {},
            "isRoot": false,
            "uuid": "0745b6aa-ff94-49f5-b670-a971e4daa7f1",
            "parentUUID": "51a324ab-d28b-4d98-99d6-efebb79163db",
            "skipped": false
          }
        ],
        "failures": [],
        "skipped": [],
        "hasTests": true,
        "hasSuites": false,
        "totalTests": 4,
        "totalPasses": 4,
        "totalFailures": 0,
        "totalPending": 0,
        "totalSkipped": 0,
        "hasPasses": true,
        "hasFailures": false,
        "hasPending": false,
        "hasSkipped": false,
        "duration": 621,
        "rootEmpty": false
      }
    ],
    "tests": [],
    "pending": [],
    "root": true,
    "_timeout": 2000,
    "uuid": "8a4d8f84-c5c5-4a81-a06e-94fd4a19b9ca",
    "fullFile": "",
    "file": "",
    "passes": [],
    "failures": [],
    "skipped": [],
    "hasTests": false,
    "hasSuites": true,
    "totalTests": 0,
    "totalPasses": 0,
    "totalFailures": 0,
    "totalPending": 0,
    "totalSkipped": 0,
    "hasPasses": false,
    "hasFailures": false,
    "hasPending": false,
    "hasSkipped": false,
    "duration": 0,
    "rootEmpty": true
  },
  "allTests": [
    {
      "title": "should return collection of JSON documents",
      "fullTitle": "users API unit tests should return collection of JSON documents",
      "timedOut": false,
      "duration": 532,
      "state": "passed",
      "speed": "slow",
      "pass": true,
      "fail": false,
      "pending": false,
      "code": "// calling home page api\n    (0, _supertest2.default)(_server.server).get(\"/api/users\").expect(\"Content-type\", /json/).expect(200) // THis is HTTP response\n    .end(function (err, res) {\n      // HTTP status should be 200\n      res.status.should.equal(200);\n      done();\n    });",
      "err": {},
      "isRoot": false,
      "uuid": "6dfceb63-a73b-4be7-a5a2-f2bff469cfb9",
      "parentUUID": "51a324ab-d28b-4d98-99d6-efebb79163db",
      "skipped": false
    },
    {
      "title": "should add a user",
      "fullTitle": "users API unit tests should add a user",
      "timedOut": false,
      "duration": 37,
      "state": "passed",
      "speed": "fast",
      "pass": true,
      "fail": false,
      "pending": false,
      "code": "// post to /api/users\n    // calling home page api\n    (0, _supertest2.default)(_server.server).post('/api/users').send({ name: \"Linda Flinn\", address: \"3 Main St\" }).expect(\"Content-type\", /json/).expect(201).end(function (err, res) {\n      res.status.should.equal(201);\n      res.body.user.should.have.property('_id');\n      res.body.user.name.should.equal('Linda Flinn');\n      done();\n    });",
      "err": {},
      "isRoot": false,
      "uuid": "61689471-d17d-4733-ba87-6bde6324b16a",
      "parentUUID": "51a324ab-d28b-4d98-99d6-efebb79163db",
      "skipped": false
    },
    {
      "title": "should add and delete Linda Flinn",
      "fullTitle": "users API unit tests should add and delete Linda Flinn",
      "timedOut": false,
      "duration": 45,
      "state": "passed",
      "speed": "medium",
      "pass": true,
      "fail": false,
      "pending": false,
      "code": "// post to /api/users\n// calling home page api\nvar superserver = (0, _supertest2.default)(_server.server);\nsuperserver.get(\"/api/users\").expect(\"Content-type\", /json/).expect(200) // THis is HTTP response\n.end(function (err, res) {\n  var id = res.body[0]._id;\n  superserver.put(\"/api/users/\" + id).send({ name: \"Linda Fl\", address: \"456 Strand St\" }).expect(\"Content-type\", /json/).expect(200) // THis is HTTP response\n  .end(function (err, res) {\n    superserver.delete(\"/api/users/\" + id).expect(\"Content-type\", /json/).expect(200) // THis is HTTP response\n    .end(function (err, res) {\n      res.body._id.should.equal(id);\n      res.body.name.should.equal(\"Linda Fl\");\n      done();\n    });\n  });\n});",
      "err": {},
      "isRoot": false,
      "uuid": "4d281d14-7c24-4168-accf-56536762a0a7",
      "parentUUID": "51a324ab-d28b-4d98-99d6-efebb79163db",
      "skipped": false
    },
    {
      "title": "should delete user",
      "fullTitle": "users API unit tests should delete user",
      "timedOut": false,
      "duration": 7,
      "state": "passed",
      "speed": "fast",
      "pass": true,
      "fail": false,
      "pending": false,
      "code": "// post to /api/users\n// calling home page api\nvar superserver = (0, _supertest2.default)(_server.server);\nsuperserver.get(\"/api/users\").expect(\"Content-type\", /json/).expect(200) // THis is HTTP response\n.end(function (err, res) {\n  var id = res.body[0]._id;\n  superserver.delete(\"/api/users/\" + id).expect(\"Content-type\", /json/).expect(200) // THis is HTTP response\n  .end(function (err, res) {\n    res.body._id.should.equal(id);\n    res.body.should.have.property(\"name\");\n    done();\n  });\n});",
      "err": {},
      "isRoot": false,
      "uuid": "0745b6aa-ff94-49f5-b670-a971e4daa7f1",
      "parentUUID": "51a324ab-d28b-4d98-99d6-efebb79163db",
      "skipped": false
    }
  ],
  "allPending": [],
  "allPasses": [
    {
      "title": "should return collection of JSON documents",
      "fullTitle": "users API unit tests should return collection of JSON documents",
      "timedOut": false,
      "duration": 532,
      "state": "passed",
      "speed": "slow",
      "pass": true,
      "fail": false,
      "pending": false,
      "code": "// calling home page api\n    (0, _supertest2.default)(_server.server).get(\"/api/users\").expect(\"Content-type\", /json/).expect(200) // THis is HTTP response\n    .end(function (err, res) {\n      // HTTP status should be 200\n      res.status.should.equal(200);\n      done();\n    });",
      "err": {},
      "isRoot": false,
      "uuid": "6dfceb63-a73b-4be7-a5a2-f2bff469cfb9",
      "parentUUID": "51a324ab-d28b-4d98-99d6-efebb79163db",
      "skipped": false
    },
    {
      "title": "should add a user",
      "fullTitle": "users API unit tests should add a user",
      "timedOut": false,
      "duration": 37,
      "state": "passed",
      "speed": "fast",
      "pass": true,
      "fail": false,
      "pending": false,
      "code": "// post to /api/users\n    // calling home page api\n    (0, _supertest2.default)(_server.server).post('/api/users').send({ name: \"Linda Flinn\", address: \"3 Main St\" }).expect(\"Content-type\", /json/).expect(201).end(function (err, res) {\n      res.status.should.equal(201);\n      res.body.user.should.have.property('_id');\n      res.body.user.name.should.equal('Linda Flinn');\n      done();\n    });",
      "err": {},
      "isRoot": false,
      "uuid": "61689471-d17d-4733-ba87-6bde6324b16a",
      "parentUUID": "51a324ab-d28b-4d98-99d6-efebb79163db",
      "skipped": false
    },
    {
      "title": "should add and delete Linda Flinn",
      "fullTitle": "users API unit tests should add and delete Linda Flinn",
      "timedOut": false,
      "duration": 45,
      "state": "passed",
      "speed": "medium",
      "pass": true,
      "fail": false,
      "pending": false,
      "code": "// post to /api/users\n// calling home page api\nvar superserver = (0, _supertest2.default)(_server.server);\nsuperserver.get(\"/api/users\").expect(\"Content-type\", /json/).expect(200) // THis is HTTP response\n.end(function (err, res) {\n  var id = res.body[0]._id;\n  superserver.put(\"/api/users/\" + id).send({ name: \"Linda Fl\", address: \"456 Strand St\" }).expect(\"Content-type\", /json/).expect(200) // THis is HTTP response\n  .end(function (err, res) {\n    superserver.delete(\"/api/users/\" + id).expect(\"Content-type\", /json/).expect(200) // THis is HTTP response\n    .end(function (err, res) {\n      res.body._id.should.equal(id);\n      res.body.name.should.equal(\"Linda Fl\");\n      done();\n    });\n  });\n});",
      "err": {},
      "isRoot": false,
      "uuid": "4d281d14-7c24-4168-accf-56536762a0a7",
      "parentUUID": "51a324ab-d28b-4d98-99d6-efebb79163db",
      "skipped": false
    },
    {
      "title": "should delete user",
      "fullTitle": "users API unit tests should delete user",
      "timedOut": false,
      "duration": 7,
      "state": "passed",
      "speed": "fast",
      "pass": true,
      "fail": false,
      "pending": false,
      "code": "// post to /api/users\n// calling home page api\nvar superserver = (0, _supertest2.default)(_server.server);\nsuperserver.get(\"/api/users\").expect(\"Content-type\", /json/).expect(200) // THis is HTTP response\n.end(function (err, res) {\n  var id = res.body[0]._id;\n  superserver.delete(\"/api/users/\" + id).expect(\"Content-type\", /json/).expect(200) // THis is HTTP response\n  .end(function (err, res) {\n    res.body._id.should.equal(id);\n    res.body.should.have.property(\"name\");\n    done();\n  });\n});",
      "err": {},
      "isRoot": false,
      "uuid": "0745b6aa-ff94-49f5-b670-a971e4daa7f1",
      "parentUUID": "51a324ab-d28b-4d98-99d6-efebb79163db",
      "skipped": false
    }
  ],
  "allFailures": [],
  "copyrightYear": 2017
}